#
# A fatal error has been detected by the Java Runtime Environment:
#
#  EXCEPTION_ACCESS_VIOLATION (0xc0000005) at pc=0x00007ffcdbe66276, pid=17896, tid=16748
#
# JRE version: OpenJDK Runtime Environment Temurin-17.0.4+8 (17.0.4+8) (build 17.0.4+8)
# Java VM: OpenJDK 64-Bit Server VM Temurin-17.0.4+8 (17.0.4+8, mixed mode, emulated-client, tiered, compressed oops, compressed class ptrs, g1 gc, windows-amd64)
# Problematic frame:
# V  [jvm.dll+0x2d6276]
#
# No core dump will be written. Minidumps are not enabled by default on client versions of Windows
#
# If you would like to submit a bug report, please visit:
#   https://github.com/adoptium/adoptium-support/issues
#

---------------  S U M M A R Y ------------

Command Line: -Dsts.lsp.client=vscode -Dsts.log.file=/dev/null -XX:TieredStopAtLevel=1 -Dspring.config.location=file:c:\Users\USER\.vscode\extensions\pivotal.vscode-spring-boot-1.38.0\language-server\BOOT-INF\classes\application.properties org.springframework.ide.vscode.boot.app.BootLanguageServerBootApp

Host: Intel(R) Core(TM) i5-8250U CPU @ 1.60GHz, 8 cores, 15G,  Windows 11 , 64 bit Build 22621 (10.0.22621.590)
Time: Thu Sep  8 19:50:21 2022 India Standard Time elapsed time: 4245.868556 seconds (0d 1h 10m 45s)

---------------  T H R E A D  ---------------

Current thread (0x000001e5383a3650):  GCTaskThread "GC Thread#2" [stack: 0x000000478c500000,0x000000478c600000] [id=16748]

Stack: [0x000000478c500000,0x000000478c600000],  sp=0x000000478c5ff630,  free space=1021k
Native frames: (J=compiled Java code, j=interpreted, Vv=VM code, C=native code)
V  [jvm.dll+0x2d6276]
V  [jvm.dll+0x35d96a]
V  [jvm.dll+0x35d902]
V  [jvm.dll+0x2f74d4]
V  [jvm.dll+0x35c526]
V  [jvm.dll+0x2f7a8c]
V  [jvm.dll+0x85f7fb]
V  [jvm.dll+0x85f846]
V  [jvm.dll+0x7e245a]
V  [jvm.dll+0x6761c5]
C  [ucrtbase.dll+0x29363]
C  [KERNEL32.DLL+0x1244d]
C  [ntdll.dll+0x5df78]


siginfo: EXCEPTION_ACCESS_VIOLATION (0xc0000005), reading address 0x000001e509a46b98


Register to memory mapping:

RIP=0x00007ffcdbe66276 jvm.dll
RAX=0x000001e5395f18e0 points into unknown readable memory: 0x0000000000000000 | 00 00 00 00 00 00 00 00
RBX=0x000001e509a46b90 is an unknown value
RCX=0x000001e53bcf2360 points into unknown readable memory: 0x005c003f00000200 | 00 02 00 00 3f 00 5c 00
RDX=0x000001e509a46b90 is an unknown value
RSP=0x000000478c5ff630 points into unknown readable memory: 0x0000000000000000 | 00 00 00 00 00 00 00 00
RBP=0x000001e524538270 points into unknown readable memory: 0x000001e524564430 | 30 44 56 24 e5 01 00 00
RSI=0x000000000000018d is an unknown value
RDI=0x000001e53bcf2360 points into unknown readable memory: 0x005c003f00000200 | 00 02 00 00 3f 00 5c 00
R8 =0x000001e5229d1c80 points into unknown readable memory: 0x000001e5229d0d50 | 50 0d 9d 22 e5 01 00 00
R9 =0x0000000000000001 is an unknown value
R10=0x0000000000000003 is an unknown value
R11=0x000000478c5ff560 points into unknown readable memory: 0x000001e522b05d88 | 88 5d b0 22 e5 01 00 00
R12=0x0000000000000001 is an unknown value
R13=0x0 is NULL
R14=0x0000000000000c68 is an unknown value
R15=0x000001e522b05d88 points into unknown readable memory: 0x000001e53bcf2360 | 60 23 cf 3b e5 01 00 00


Registers:
RAX=0x000001e5395f18e0, RBX=0x000001e509a46b90, RCX=0x000001e53bcf2360, RDX=0x000001e509a46b90
RSP=0x000000478c5ff630, RBP=0x000001e524538270, RSI=0x000000000000018d, RDI=0x000001e53bcf2360
R8 =0x000001e5229d1c80, R9 =0x0000000000000001, R10=0x0000000000000003, R11=0x000000478c5ff560
R12=0x0000000000000001, R13=0x0000000000000000, R14=0x0000000000000c68, R15=0x000001e522b05d88
RIP=0x00007ffcdbe66276, EFLAGS=0x0000000000010206

Top of Stack: (sp=0x000000478c5ff630)
0x000000478c5ff630:   0000000000000000 00007ffcdbd3e111
0x000000478c5ff640:   000001e524524480 00007ffc00000000
0x000000478c5ff650:   0000000000000000 00007ffcdbeed96a
0x000000478c5ff660:   000001e522b05d80 0000000000000000
0x000000478c5ff670:   000000478c5ff7b0 000001e522b05d80
0x000000478c5ff680:   000001e524563bd0 00007ffcdbee98b1
0x000000478c5ff690:   000001e522b05d80 00007ffcdbeed902
0x000000478c5ff6a0:   000001e522b05d98 000001e522b05d98
0x000000478c5ff6b0:   0000000701800000 0000000000040000
0x000000478c5ff6c0:   000001e5245638a0 00007ffcdbe874d4
0x000000478c5ff6d0:   0000000000000003 000000478c5ff7b0
0x000000478c5ff6e0:   0000000000000002 000000478c5ff7b0
0x000000478c5ff6f0:   00000000000001a5 00007ffcdbeec526
0x000000478c5ff700:   0000000000000003 000000478b5fedc8
0x000000478c5ff710:   0000000000000001 00007ffcdc3809b7
0x000000478c5ff720:   0000000000000000 000001e5383a3650 

Instructions: (pc=0x00007ffcdbe66276)
0x00007ffcdbe66176:   fc 4d 00 48 8b d3 48 8b cd e8 ac 6f 07 00 41 ff
0x00007ffcdbe66186:   c6 eb 2c e8 32 fe 4d 00 48 8b d3 48 8b cd e8 97
0x00007ffcdbe66196:   6f 07 00 41 ff c6 eb 17 48 8b d3 4c 89 47 08 48
0x00007ffcdbe661a6:   8b cd e8 83 6f 07 00 41 ff c6 eb 03 48 8b fb 48
0x00007ffcdbe661b6:   8b de 48 85 f6 0f 85 6f ff ff ff 41 ff c7 49 83
0x00007ffcdbe661c6:   c4 08 44 3b 7d 00 0f 8c 41 ff ff ff 4c 8b 64 24
0x00007ffcdbe661d6:   60 48 8b 7c 24 68 48 8b b4 24 90 00 00 00 48 8b
0x00007ffcdbe661e6:   9c 24 80 00 00 00 4c 8b 7c 24 50 49 63 c6 49 29
0x00007ffcdbe661f6:   45 08 49 8b 45 08 4c 8b 74 24 58 eb 04 48 8b 41
0x00007ffcdbe66206:   08 48 8b ac 24 88 00 00 00 48 85 c0 75 08 49 8b
0x00007ffcdbe66216:   cd e8 14 00 00 00 48 83 c4 70 41 5d c3 cc cc cc
0x00007ffcdbe66226:   cc cc cc cc cc cc cc cc cc cc 48 89 7c 24 20 41
0x00007ffcdbe66236:   57 48 83 ec 20 48 8b 39 4c 8b f9 48 85 ff 0f 84
0x00007ffcdbe66246:   87 00 00 00 48 89 74 24 38 33 f6 39 37 7e 43 48
0x00007ffcdbe66256:   89 5c 24 30 4c 89 74 24 40 45 33 f6 48 8b 47 08
0x00007ffcdbe66266:   49 8b 1c 06 48 85 db 74 15 90 48 8b d3 48 8b cf
0x00007ffcdbe66276:   48 8b 5b 08 e8 b1 6e 07 00 48 85 db 75 ec ff c6
0x00007ffcdbe66286:   49 83 c6 08 3b 37 7c d4 4c 8b 74 24 40 48 8b 5c
0x00007ffcdbe66296:   24 30 48 8b cf e8 70 6e 07 00 48 8d 4f 18 e8 b7
0x00007ffcdbe662a6:   3b d3 ff 48 8b cf e8 bf ff dc ff 48 8b 74 24 38
0x00007ffcdbe662b6:   49 c7 07 00 00 00 00 49 c7 47 08 00 00 00 00 48
0x00007ffcdbe662c6:   8b 7c 24 48 48 83 c4 20 41 5f c3 48 8b 7c 24 48
0x00007ffcdbe662d6:   48 c7 01 00 00 00 00 48 c7 41 08 00 00 00 00 48
0x00007ffcdbe662e6:   83 c4 20 41 5f c3 cc cc cc cc 4c 8b 09 4c 8b c2
0x00007ffcdbe662f6:   4d 85 c9 74 34 48 8b c2 33 d2 48 c1 e8 07 41 33
0x00007ffcdbe66306:   c0 41 f7 31 49 8b 41 08 48 63 ca 48 8b 04 c8 48
0x00007ffcdbe66316:   85 c0 74 15 66 0f 1f 44 00 00 4c 39 40 10 74 0c
0x00007ffcdbe66326:   48 8b 40 08 48 85 c0 75 f1 32 c0 c3 b0 01 c3 cc
0x00007ffcdbe66336:   cc cc cc cc cc cc cc cc cc cc 48 8b 02 48 8b 51
0x00007ffcdbe66346:   08 48 39 02 77 0a 48 3b 42 08 73 04 c6 41 10 01
0x00007ffcdbe66356:   c3 cc cc cc cc cc cc cc cc cc 8b 02 4c 8b c1 85
0x00007ffcdbe66366:   c0 75 04 33 c0 eb 10 8b 0d 65 6f 82 00 48 d3 e0 


Stack slot to memory mapping:
stack at sp + 0 slots: 0x0 is NULL
stack at sp + 1 slots: 0x00007ffcdbd3e111 jvm.dll
stack at sp + 2 slots: 0x000001e524524480 points into unknown readable memory: 0x00007ffcdc4e0700 | 00 07 4e dc fc 7f 00 00
stack at sp + 3 slots: 0x00007ffc00000000 is an unknown value
stack at sp + 4 slots: 0x0 is NULL
stack at sp + 5 slots: 0x00007ffcdbeed96a jvm.dll
stack at sp + 6 slots: 0x000001e522b05d80 points into unknown readable memory: 0x000001e524534280 | 80 42 53 24 e5 01 00 00
stack at sp + 7 slots: 0x0 is NULL


---------------  P R O C E S S  ---------------

Threads class SMR info:
_java_thread_list=0x000001e53b69ec00, length=26, elements={
0x000001e537845e10, 0x000001e5378468d0, 0x000001e5378689e0, 0x000001e53786b3b0,
0x000001e53786dc80, 0x000001e53786e540, 0x000001e53786eeb0, 0x000001e5378717c0,
0x000001e537a89010, 0x000001e537a910f0, 0x000001e539619cf0, 0x000001e53961b500,
0x000001e53961f390, 0x000001e53961e9f0, 0x000001e53961b9d0, 0x000001e53961c840,
0x000001e53961ab60, 0x000001e53961db80, 0x000001e539621540, 0x000001e53961bea0,
0x000001e53961c370, 0x000001e53961b030, 0x000001e53961d6b0, 0x000001e53961cd10,
0x000001e53961e520, 0x000001e53961a690
}

Java Threads: ( => current thread )
  0x000001e537845e10 JavaThread "Reference Handler" daemon [_thread_blocked, id=18284, stack(0x000000478b600000,0x000000478b700000)]
  0x000001e5378468d0 JavaThread "Finalizer" daemon [_thread_blocked, id=16132, stack(0x000000478b700000,0x000000478b800000)]
  0x000001e5378689e0 JavaThread "Signal Dispatcher" daemon [_thread_blocked, id=21904, stack(0x000000478b800000,0x000000478b900000)]
  0x000001e53786b3b0 JavaThread "Attach Listener" daemon [_thread_blocked, id=12764, stack(0x000000478b900000,0x000000478ba00000)]
  0x000001e53786dc80 JavaThread "Service Thread" daemon [_thread_blocked, id=2388, stack(0x000000478ba00000,0x000000478bb00000)]
  0x000001e53786e540 JavaThread "Monitor Deflation Thread" daemon [_thread_blocked, id=6908, stack(0x000000478bb00000,0x000000478bc00000)]
  0x000001e53786eeb0 JavaThread "C1 CompilerThread0" daemon [_thread_blocked, id=21688, stack(0x000000478bc00000,0x000000478bd00000)]
  0x000001e5378717c0 JavaThread "Sweeper thread" daemon [_thread_blocked, id=2456, stack(0x000000478bd00000,0x000000478be00000)]
  0x000001e537a89010 JavaThread "Notification Thread" daemon [_thread_blocked, id=9644, stack(0x000000478bf00000,0x000000478c000000)]
  0x000001e537a910f0 JavaThread "Common-Cleaner" daemon [_thread_blocked, id=11820, stack(0x000000478c100000,0x000000478c200000)]
  0x000001e539619cf0 JavaThread "pool-7-thread-1" [_thread_blocked, id=16804, stack(0x000000478db00000,0x000000478dc00000)]
  0x000001e53961b500 JavaThread "LanguageServerApp-lifecycle" [_thread_blocked, id=632, stack(0x000000478dc00000,0x000000478dd00000)]
  0x000001e53961f390 JavaThread "DestroyJavaVM" [_thread_blocked, id=14508, stack(0x000000478af00000,0x000000478b000000)]
  0x000001e53961e9f0 JavaThread "pool-8-thread-1" [_thread_in_native, id=5956, stack(0x000000478dd00000,0x000000478de00000)]
  0x000001e53961b9d0 JavaThread "Simple-Language-Server main thread" daemon [_thread_blocked, id=23336, stack(0x000000478de00000,0x000000478df00000)]
  0x000001e53961c840 JavaThread "pool-5-thread-1" [_thread_blocked, id=21284, stack(0x000000478e000000,0x000000478e100000)]
  0x000001e53961ab60 JavaThread "parallel-1" daemon [_thread_blocked, id=21868, stack(0x000000478e100000,0x000000478e200000)]
  0x000001e53961db80 JavaThread "Reconciler-1" daemon [_thread_blocked, id=13956, stack(0x000000478e200000,0x000000478e300000)]
  0x000001e539621540 JavaThread "parallel-2" daemon [_thread_blocked, id=19492, stack(0x000000478e300000,0x000000478e400000)]
  0x000001e53961bea0 JavaThread "pool-3-thread-1" [_thread_blocked, id=14044, stack(0x000000478e600000,0x000000478e700000)]
  0x000001e53961c370 JavaThread "parallel-3" daemon [_thread_blocked, id=17424, stack(0x000000478e700000,0x000000478e800000)]
  0x000001e53961b030 JavaThread "parallel-4" daemon [_thread_blocked, id=10516, stack(0x000000478ad00000,0x000000478ae00000)]
  0x000001e53961d6b0 JavaThread "parallel-5" daemon [_thread_blocked, id=13404, stack(0x000000478cd00000,0x000000478ce00000)]
  0x000001e53961cd10 JavaThread "parallel-6" daemon [_thread_blocked, id=15308, stack(0x000000478c300000,0x000000478c400000)]
  0x000001e53961e520 JavaThread "parallel-7" daemon [_thread_blocked, id=21472, stack(0x000000478c900000,0x000000478ca00000)]
  0x000001e53961a690 JavaThread "parallel-8" daemon [_thread_blocked, id=20616, stack(0x000000478cf00000,0x000000478d000000)]

Other Threads:
  0x000001e536d7e4f0 VMThread "VM Thread" [stack: 0x000000478b500000,0x000000478b600000] [id=22648]
  0x000001e537a8c500 WatcherThread [stack: 0x000000478c000000,0x000000478c100000] [id=15420]
  0x000001e5245935d0 GCTaskThread "GC Thread#0" [stack: 0x000000478b000000,0x000000478b100000] [id=7640]
  0x000001e5383a33a0 GCTaskThread "GC Thread#1" [stack: 0x000000478c400000,0x000000478c500000] [id=13992]
=>0x000001e5383a3650 GCTaskThread "GC Thread#2" [stack: 0x000000478c500000,0x000000478c600000] [id=16748]
  0x000001e5383a3900 GCTaskThread "GC Thread#3" [stack: 0x000000478c600000,0x000000478c700000] [id=7164]
  0x000001e5383a3bb0 GCTaskThread "GC Thread#4" [stack: 0x000000478c700000,0x000000478c800000] [id=7652]
  0x000001e5383a3e60 GCTaskThread "GC Thread#5" [stack: 0x000000478c800000,0x000000478c900000] [id=23136]
  0x000001e538dfd010 GCTaskThread "GC Thread#6" [stack: 0x000000478ca00000,0x000000478cb00000] [id=20328]
  0x000001e538dfe2d0 GCTaskThread "GC Thread#7" [stack: 0x000000478cb00000,0x000000478cc00000] [id=11608]
  0x000001e5245a52f0 ConcurrentGCThread "G1 Main Marker" [stack: 0x000000478b100000,0x000000478b200000] [id=23248]
  0x000001e5245a5c10 ConcurrentGCThread "G1 Conc#0" [stack: 0x000000478b200000,0x000000478b300000] [id=8952]
  0x000001e538faad50 ConcurrentGCThread "G1 Conc#1" [stack: 0x000000478cc00000,0x000000478cd00000] [id=11084]
  0x000001e5245cec20 ConcurrentGCThread "G1 Refine#0" [stack: 0x000000478b300000,0x000000478b400000] [id=17432]
  0x000001e539039a80 ConcurrentGCThread "G1 Refine#1" [stack: 0x000000478df00000,0x000000478e000000] [id=20792]
  0x000001e53bd3d710 ConcurrentGCThread "G1 Refine#2" [stack: 0x000000478ea00000,0x000000478eb00000] [id=13836]
  0x000001e53bd3d150 ConcurrentGCThread "G1 Refine#3" [stack: 0x000000478eb00000,0x000000478ec00000] [id=13944]
  0x000001e53bd3dcd0 ConcurrentGCThread "G1 Refine#4" [stack: 0x000000478ec00000,0x000000478ed00000] [id=19004]
  0x000001e53bd3aed0 ConcurrentGCThread "G1 Refine#5" [stack: 0x000000478ed00000,0x000000478ee00000] [id=15796]
  0x000001e53bd3d9f0 ConcurrentGCThread "G1 Refine#6" [stack: 0x000000478c200000,0x000000478c300000] [id=15624]
  0x000001e536c0d780 ConcurrentGCThread "G1 Service" [stack: 0x000000478b400000,0x000000478b500000] [id=19512]

Threads with active compile tasks:

VM state: at safepoint (normal execution)

VM Mutex/Monitor currently owned by a thread:  ([mutex/lock_event])
[0x000001e524521f60] Threads_lock - owner thread: 0x000001e536d7e4f0
[0x000001e524522230] Heap_lock - owner thread: 0x000001e539619cf0

Heap address: 0x0000000701400000, size: 4076 MB, Compressed Oops mode: Zero based, Oop shift amount: 3

CDS archive(s) not mapped
Compressed class space mapped at: 0x0000000800000000-0x0000000840000000, reserved size: 1073741824
Narrow klass base: 0x0000000800000000, Narrow klass shift: 0, Narrow klass range: 0x40000000

GC Precious Log:
 CPUs: 8 total, 8 available
 Memory: 16298M
 Large Page Support: Disabled
 NUMA Support: Disabled
 Compressed Oops: Enabled (Zero based)
 Heap Region Size: 2M
 Heap Min Capacity: 8M
 Heap Initial Capacity: 256M
 Heap Max Capacity: 4076M
 Pre-touch: Disabled
 Parallel Workers: 8
 Concurrent Workers: 2
 Concurrent Refinement Workers: 8
 Periodic GC: Disabled

Heap:
 garbage-first heap   total 122880K, used 38529K [0x0000000701400000, 0x0000000800000000)
  region size 2048K, 1 young (2048K), 0 survivors (0K)
 Metaspace       used 52937K, committed 53312K, reserved 1097728K
  class space    used 7018K, committed 7168K, reserved 1048576K

Heap Regions: E=young(eden), S=young(survivor), O=old, HS=humongous(starts), HC=humongous(continues), CS=collection set, F=free, OA=open archive, CA=closed archive, TAMS=top-at-mark-start (previous, next)
|   0|0x0000000701400000, 0x0000000701600000, 0x0000000701600000|100%| O|  |TAMS 0x0000000701600000, 0x0000000701400000| Untracked 
|   1|0x0000000701600000, 0x00000007017ffff0, 0x0000000701800000| 99%| O|  |TAMS 0x00000007017ffff0, 0x0000000701600000| Untracked 
|   2|0x0000000701800000, 0x0000000701a00000, 0x0000000701a00000|100%| O|  |TAMS 0x0000000701a00000, 0x0000000701800000| Untracked 
|   3|0x0000000701a00000, 0x0000000701bfffe8, 0x0000000701c00000| 99%| O|  |TAMS 0x0000000701bfffe8, 0x0000000701a00000| Untracked 
|   4|0x0000000701c00000, 0x0000000701dfffe0, 0x0000000701e00000| 99%| O|  |TAMS 0x0000000701dfffe0, 0x0000000701c00000| Untracked 
|   5|0x0000000701e00000, 0x0000000701fffff8, 0x0000000702000000| 99%| O|  |TAMS 0x0000000701fffff8, 0x0000000701e00000| Untracked 
|   6|0x0000000702000000, 0x00000007021fffb0, 0x0000000702200000| 99%| O|  |TAMS 0x00000007021fffb0, 0x0000000702000000| Untracked 
|   7|0x0000000702200000, 0x00000007023ffff8, 0x0000000702400000| 99%| O|  |TAMS 0x00000007023ffff8, 0x0000000702200000| Untracked 
|   8|0x0000000702400000, 0x0000000702600000, 0x0000000702600000|100%| O|  |TAMS 0x0000000702600000, 0x0000000702400000| Untracked 
|   9|0x0000000702600000, 0x0000000702800000, 0x0000000702800000|100%| O|  |TAMS 0x0000000702800000, 0x0000000702600000| Untracked 
|  10|0x0000000702800000, 0x0000000702a00000, 0x0000000702a00000|100%| O|  |TAMS 0x0000000702a00000, 0x0000000702800000| Untracked 
|  11|0x0000000702a00000, 0x0000000702bff008, 0x0000000702c00000| 99%| O|  |TAMS 0x0000000702bff008, 0x0000000702a00000| Untracked 
|  12|0x0000000702c00000, 0x0000000702dffff8, 0x0000000702e00000| 99%| O|  |TAMS 0x0000000702dffff8, 0x0000000702c00000| Untracked 
|  13|0x0000000702e00000, 0x0000000702fffff8, 0x0000000703000000| 99%| O|  |TAMS 0x0000000702fffff8, 0x0000000702e00000| Untracked 
|  14|0x0000000703000000, 0x00000007031ffff8, 0x0000000703200000| 99%| O|  |TAMS 0x00000007031ffff8, 0x0000000703000000| Untracked 
|  15|0x0000000703200000, 0x00000007033fff48, 0x0000000703400000| 99%| O|  |TAMS 0x00000007033fff48, 0x0000000703200000| Untracked 
|  16|0x0000000703400000, 0x00000007035fc258, 0x0000000703600000| 99%| O|  |TAMS 0x00000007035fc258, 0x0000000703400000| Untracked 
|  17|0x0000000703600000, 0x000000070372b998, 0x0000000703800000| 58%| O|  |TAMS 0x0000000703600000, 0x0000000703600000| Untracked 
|  18|0x0000000703800000, 0x0000000703874cd8, 0x0000000703a00000| 22%| O|  |TAMS 0x0000000703800000, 0x0000000703800000| Untracked 
|  19|0x0000000703a00000, 0x0000000703a00000, 0x0000000703c00000|  0%| F|  |TAMS 0x0000000703a00000, 0x0000000703a00000| Untracked 
|  20|0x0000000703c00000, 0x0000000703c00000, 0x0000000703e00000|  0%| F|  |TAMS 0x0000000703c00000, 0x0000000703c00000| Untracked 
|  21|0x0000000703e00000, 0x0000000703e00000, 0x0000000704000000|  0%| F|  |TAMS 0x0000000703e00000, 0x0000000703e00000| Untracked 
|  22|0x0000000704000000, 0x0000000704000000, 0x0000000704200000|  0%| F|  |TAMS 0x0000000704000000, 0x0000000704000000| Untracked 
|  23|0x0000000704200000, 0x0000000704200000, 0x0000000704400000|  0%| F|  |TAMS 0x0000000704200000, 0x0000000704200000| Untracked 
|  24|0x0000000704400000, 0x0000000704400000, 0x0000000704600000|  0%| F|  |TAMS 0x0000000704400000, 0x0000000704400000| Untracked 
|  25|0x0000000704600000, 0x0000000704600000, 0x0000000704800000|  0%| F|  |TAMS 0x0000000704600000, 0x0000000704600000| Untracked 
|  26|0x0000000704800000, 0x0000000704800000, 0x0000000704a00000|  0%| F|  |TAMS 0x0000000704800000, 0x0000000704800000| Untracked 
|  27|0x0000000704a00000, 0x0000000704a00000, 0x0000000704c00000|  0%| F|  |TAMS 0x0000000704a00000, 0x0000000704a00000| Untracked 
|  28|0x0000000704c00000, 0x0000000704c00000, 0x0000000704e00000|  0%| F|  |TAMS 0x0000000704c00000, 0x0000000704c00000| Untracked 
|  29|0x0000000704e00000, 0x0000000704e00000, 0x0000000705000000|  0%| F|  |TAMS 0x0000000704e00000, 0x0000000704e00000| Untracked 
|  30|0x0000000705000000, 0x0000000705000000, 0x0000000705200000|  0%| F|  |TAMS 0x0000000705000000, 0x0000000705000000| Untracked 
|  31|0x0000000705200000, 0x0000000705200000, 0x0000000705400000|  0%| F|  |TAMS 0x0000000705200000, 0x0000000705200000| Untracked 
|  32|0x0000000705400000, 0x0000000705400000, 0x0000000705600000|  0%| F|  |TAMS 0x0000000705400000, 0x0000000705400000| Untracked 
|  33|0x0000000705600000, 0x0000000705600000, 0x0000000705800000|  0%| F|  |TAMS 0x0000000705600000, 0x0000000705600000| Untracked 
|  34|0x0000000705800000, 0x0000000705800000, 0x0000000705a00000|  0%| F|  |TAMS 0x0000000705800000, 0x0000000705800000| Untracked 
|  35|0x0000000705a00000, 0x0000000705a00000, 0x0000000705c00000|  0%| F|  |TAMS 0x0000000705a00000, 0x0000000705a00000| Untracked 
|  36|0x0000000705c00000, 0x0000000705c00000, 0x0000000705e00000|  0%| F|  |TAMS 0x0000000705c00000, 0x0000000705c00000| Untracked 
|  37|0x0000000705e00000, 0x0000000705e00000, 0x0000000706000000|  0%| F|  |TAMS 0x0000000705e00000, 0x0000000705e00000| Untracked 
|  38|0x0000000706000000, 0x0000000706000000, 0x0000000706200000|  0%| F|  |TAMS 0x0000000706000000, 0x0000000706000000| Untracked 
|  39|0x0000000706200000, 0x0000000706200000, 0x0000000706400000|  0%| F|  |TAMS 0x0000000706200000, 0x0000000706200000| Untracked 
|  40|0x0000000706400000, 0x0000000706400000, 0x0000000706600000|  0%| F|  |TAMS 0x0000000706400000, 0x0000000706400000| Untracked 
|  41|0x0000000706600000, 0x0000000706600000, 0x0000000706800000|  0%| F|  |TAMS 0x0000000706600000, 0x0000000706600000| Untracked 
|  42|0x0000000706800000, 0x0000000706800000, 0x0000000706a00000|  0%| F|  |TAMS 0x0000000706800000, 0x0000000706800000| Untracked 
|  43|0x0000000706a00000, 0x0000000706a00000, 0x0000000706c00000|  0%| F|  |TAMS 0x0000000706a00000, 0x0000000706a00000| Untracked 
|  44|0x0000000706c00000, 0x0000000706c00000, 0x0000000706e00000|  0%| F|  |TAMS 0x0000000706c00000, 0x0000000706c00000| Untracked 
|  45|0x0000000706e00000, 0x0000000706e00000, 0x0000000707000000|  0%| F|  |TAMS 0x0000000706e00000, 0x0000000706e00000| Untracked 
|  46|0x0000000707000000, 0x0000000707000000, 0x0000000707200000|  0%| F|  |TAMS 0x0000000707000000, 0x0000000707000000| Untracked 
|  47|0x0000000707200000, 0x0000000707200000, 0x0000000707400000|  0%| F|  |TAMS 0x0000000707200000, 0x0000000707200000| Untracked 
|  48|0x0000000707400000, 0x0000000707600000, 0x0000000707600000|100%| O|  |TAMS 0x0000000707600000, 0x0000000707400000| Untracked 
|  49|0x0000000707600000, 0x0000000707600000, 0x0000000707800000|  0%| F|  |TAMS 0x0000000707600000, 0x0000000707600000| Untracked 
|  50|0x0000000707800000, 0x0000000707800000, 0x0000000707a00000|  0%| F|  |TAMS 0x0000000707800000, 0x0000000707800000| Untracked 
|  51|0x0000000707a00000, 0x0000000707a00000, 0x0000000707c00000|  0%| F|  |TAMS 0x0000000707a00000, 0x0000000707a00000| Untracked 
|  52|0x0000000707c00000, 0x0000000707c00000, 0x0000000707e00000|  0%| F|  |TAMS 0x0000000707c00000, 0x0000000707c00000| Untracked 
|  53|0x0000000707e00000, 0x0000000707e00000, 0x0000000708000000|  0%| F|  |TAMS 0x0000000707e00000, 0x0000000707e00000| Untracked 
|  54|0x0000000708000000, 0x0000000708000000, 0x0000000708200000|  0%| F|  |TAMS 0x0000000708000000, 0x0000000708000000| Untracked 
|  55|0x0000000708200000, 0x0000000708200000, 0x0000000708400000|  0%| F|  |TAMS 0x0000000708200000, 0x0000000708200000| Untracked 
|  56|0x0000000708400000, 0x0000000708400000, 0x0000000708600000|  0%| F|  |TAMS 0x0000000708400000, 0x0000000708400000| Untracked 
|  57|0x0000000708600000, 0x0000000708600000, 0x0000000708800000|  0%| F|  |TAMS 0x0000000708600000, 0x0000000708600000| Untracked 
|  58|0x0000000708800000, 0x0000000708800000, 0x0000000708a00000|  0%| F|  |TAMS 0x0000000708800000, 0x0000000708800000| Untracked 
|  59|0x0000000708a00000, 0x0000000708a05080, 0x0000000708c00000|  0%| E|  |TAMS 0x0000000708a00000, 0x0000000708a00000| Untracked 

Card table byte_map: [0x000001e52b310000,0x000001e52bb10000] _byte_map_base: 0x000001e527b06000

Marking Bits (Prev, Next): (CMBitMap*) 0x000001e524594b00, (CMBitMap*) 0x000001e524594b40
 Prev Bits: [0x000001e52c310000, 0x000001e5302c0000)
 Next Bits: [0x000001e5302c0000, 0x000001e534270000)

Polling page: 0x000001e5245d0000

Metaspace:

Usage:
  Non-class:     44.84 MB used.
      Class:      6.85 MB used.
       Both:     51.70 MB used.

Virtual space:
  Non-class space:       48.00 MB reserved,      45.06 MB ( 94%) committed,  6 nodes.
      Class space:        1.00 GB reserved,       7.00 MB ( <1%) committed,  1 nodes.
             Both:        1.05 GB reserved,      52.06 MB (  5%) committed. 

Chunk freelists:
   Non-Class:  2.61 MB
       Class:  1.04 MB
        Both:  3.65 MB

MaxMetaspaceSize: unlimited
CompressedClassSpaceSize: 1.00 GB
Initial GC threshold: 21.00 MB
Current GC threshold: 86.81 MB
CDS: off
MetaspaceReclaimPolicy: balanced
 - commit_granule_bytes: 65536.
 - commit_granule_words: 8192.
 - virtual_space_node_default_size: 1048576.
 - enlarge_chunks_in_place: 1.
 - new_chunks_are_fully_committed: 0.
 - uncommit_free_chunks: 1.
 - use_allocation_guard: 0.
 - handle_deallocations: 1.


Internal statistics:

num_allocs_failed_limit: 6.
num_arena_births: 584.
num_arena_deaths: 204.
num_vsnodes_births: 7.
num_vsnodes_deaths: 0.
num_space_committed: 833.
num_space_uncommitted: 0.
num_chunks_returned_to_freelist: 247.
num_chunks_taken_from_freelist: 2310.
num_chunk_merges: 85.
num_chunk_splits: 1577.
num_chunks_enlarged: 1243.
num_purges: 16.
num_inconsistent_stats: 0.

CodeCache: size=49152Kb used=20850Kb max_used=21354Kb free=28301Kb
 bounds [0x000001e527230000, 0x000001e528780000, 0x000001e52a230000]
 total_blobs=10895 nmethods=10280 adapters=540
 compilation: enabled
              stopped_count=0, restarted_count=0
 full_count=0

Compilation events (20 events):
Event: 3683.632 Thread 0x000001e53786eeb0 10411   !   1       java.lang.ProcessImpl::start (733 bytes)
Event: 3683.641 Thread 0x000001e53786eeb0 nmethod 10411 0x000001e5286bbb10 code [0x000001e5286bc0e0, 0x000001e5286bf158]
Event: 3683.641 Thread 0x000001e53786eeb0 10412       1       java.lang.ProcessEnvironment::toEnvironmentBlock (16 bytes)
Event: 3683.641 Thread 0x000001e53786eeb0 nmethod 10412 0x000001e5286bb790 code [0x000001e5286bb920, 0x000001e5286bba48]
Event: 3683.641 Thread 0x000001e53786eeb0 10413   !   1       java.lang.ProcessImpl::<init> (327 bytes)
Event: 3683.650 Thread 0x000001e53786eeb0 nmethod 10413 0x000001e5286b9210 code [0x000001e5286b9620, 0x000001e5286ba988]
Event: 3683.650 Thread 0x000001e53786eeb0 10414       1       java.lang.Process::<init> (5 bytes)
Event: 3683.650 Thread 0x000001e53786eeb0 nmethod 10414 0x000001e5286b8f10 code [0x000001e5286b90a0, 0x000001e5286b9158]
Event: 3683.650 Thread 0x000001e53786eeb0 10416       1       java.lang.invoke.LambdaForm$DMH/0x00000008006d1c00::newInvokeSpecial (23 bytes)
Event: 3683.651 Thread 0x000001e53786eeb0 nmethod 10416 0x000001e5286b8a10 code [0x000001e5286b8bc0, 0x000001e5286b8d68]
Event: 3683.651 Thread 0x000001e53786eeb0 10417       1       java.lang.ProcessImpl$$Lambda$693/0x00000008004fbcd0::<init> (10 bytes)
Event: 3683.651 Thread 0x000001e53786eeb0 nmethod 10417 0x000001e5286b8710 code [0x000001e5286b88a0, 0x000001e5286b8978]
Event: 3683.651 Thread 0x000001e53786eeb0 10419       1       java.lang.ProcessHandleImpl::getInternal (13 bytes)
Event: 3683.651 Thread 0x000001e53786eeb0 nmethod 10419 0x000001e5286b8390 code [0x000001e5286b8520, 0x000001e5286b8688]
Event: 3683.948 Thread 0x000001e53786eeb0 10420   !   1       java.io.FilterOutputStream::close (183 bytes)
Event: 3684.063 Thread 0x000001e53786eeb0 nmethod 10420 0x000001e5286b7210 code [0x000001e5286b7420, 0x000001e5286b7918]
Event: 3684.063 Thread 0x000001e53786eeb0 10422       1       java.lang.ProcessImpl$$Lambda$693/0x00000008004fbcd0::run (8 bytes)
Event: 3684.063 Thread 0x000001e53786eeb0 nmethod 10422 0x000001e5286b6f10 code [0x000001e5286b70a0, 0x000001e5286b7188]
Event: 3684.063 Thread 0x000001e53786eeb0 10423       1       java.lang.ProcessImpl::lambda$new$0 (6 bytes)
Event: 3684.063 Thread 0x000001e53786eeb0 nmethod 10423 0x000001e5286b6c10 code [0x000001e5286b6da0, 0x000001e5286b6e68]

GC Heap History (20 events):
Event: 4143.280 GC heap after
{Heap after GC invocations=343 (full 277):
 garbage-first heap   total 122880K, used 38509K [0x0000000701400000, 0x0000000800000000)
  region size 2048K, 0 young (0K), 0 survivors (0K)
 Metaspace       used 52937K, committed 53312K, reserved 1097728K
  class space    used 7018K, committed 7168K, reserved 1048576K
}
Event: 4153.429 GC heap before
{Heap before GC invocations=343 (full 277):
 garbage-first heap   total 122880K, used 38509K [0x0000000701400000, 0x0000000800000000)
  region size 2048K, 1 young (2048K), 0 survivors (0K)
 Metaspace       used 52937K, committed 53312K, reserved 1097728K
  class space    used 7018K, committed 7168K, reserved 1048576K
}
Event: 4153.479 GC heap after
{Heap after GC invocations=344 (full 278):
 garbage-first heap   total 122880K, used 38509K [0x0000000701400000, 0x0000000800000000)
  region size 2048K, 0 young (0K), 0 survivors (0K)
 Metaspace       used 52937K, committed 53312K, reserved 1097728K
  class space    used 7018K, committed 7168K, reserved 1048576K
}
Event: 4163.650 GC heap before
{Heap before GC invocations=344 (full 278):
 garbage-first heap   total 122880K, used 38509K [0x0000000701400000, 0x0000000800000000)
  region size 2048K, 1 young (2048K), 0 survivors (0K)
 Metaspace       used 52937K, committed 53312K, reserved 1097728K
  class space    used 7018K, committed 7168K, reserved 1048576K
}
Event: 4163.697 GC heap after
{Heap after GC invocations=345 (full 279):
 garbage-first heap   total 122880K, used 38509K [0x0000000701400000, 0x0000000800000000)
  region size 2048K, 0 young (0K), 0 survivors (0K)
 Metaspace       used 52937K, committed 53312K, reserved 1097728K
  class space    used 7018K, committed 7168K, reserved 1048576K
}
Event: 4173.837 GC heap before
{Heap before GC invocations=345 (full 279):
 garbage-first heap   total 122880K, used 38509K [0x0000000701400000, 0x0000000800000000)
  region size 2048K, 1 young (2048K), 0 survivors (0K)
 Metaspace       used 52937K, committed 53312K, reserved 1097728K
  class space    used 7018K, committed 7168K, reserved 1048576K
}
Event: 4173.886 GC heap after
{Heap after GC invocations=346 (full 280):
 garbage-first heap   total 122880K, used 38509K [0x0000000701400000, 0x0000000800000000)
  region size 2048K, 0 young (0K), 0 survivors (0K)
 Metaspace       used 52937K, committed 53312K, reserved 1097728K
  class space    used 7018K, committed 7168K, reserved 1048576K
}
Event: 4184.030 GC heap before
{Heap before GC invocations=346 (full 280):
 garbage-first heap   total 122880K, used 38509K [0x0000000701400000, 0x0000000800000000)
  region size 2048K, 1 young (2048K), 0 survivors (0K)
 Metaspace       used 52937K, committed 53312K, reserved 1097728K
  class space    used 7018K, committed 7168K, reserved 1048576K
}
Event: 4184.084 GC heap after
{Heap after GC invocations=347 (full 281):
 garbage-first heap   total 122880K, used 38509K [0x0000000701400000, 0x0000000800000000)
  region size 2048K, 0 young (0K), 0 survivors (0K)
 Metaspace       used 52937K, committed 53312K, reserved 1097728K
  class space    used 7018K, committed 7168K, reserved 1048576K
}
Event: 4194.237 GC heap before
{Heap before GC invocations=347 (full 281):
 garbage-first heap   total 122880K, used 38509K [0x0000000701400000, 0x0000000800000000)
  region size 2048K, 1 young (2048K), 0 survivors (0K)
 Metaspace       used 52937K, committed 53312K, reserved 1097728K
  class space    used 7018K, committed 7168K, reserved 1048576K
}
Event: 4194.283 GC heap after
{Heap after GC invocations=348 (full 282):
 garbage-first heap   total 122880K, used 38509K [0x0000000701400000, 0x0000000800000000)
  region size 2048K, 0 young (0K), 0 survivors (0K)
 Metaspace       used 52937K, committed 53312K, reserved 1097728K
  class space    used 7018K, committed 7168K, reserved 1048576K
}
Event: 4204.590 GC heap before
{Heap before GC invocations=348 (full 282):
 garbage-first heap   total 122880K, used 38509K [0x0000000701400000, 0x0000000800000000)
  region size 2048K, 1 young (2048K), 0 survivors (0K)
 Metaspace       used 52937K, committed 53312K, reserved 1097728K
  class space    used 7018K, committed 7168K, reserved 1048576K
}
Event: 4204.656 GC heap after
{Heap after GC invocations=349 (full 283):
 garbage-first heap   total 122880K, used 38509K [0x0000000701400000, 0x0000000800000000)
  region size 2048K, 0 young (0K), 0 survivors (0K)
 Metaspace       used 52937K, committed 53312K, reserved 1097728K
  class space    used 7018K, committed 7168K, reserved 1048576K
}
Event: 4214.837 GC heap before
{Heap before GC invocations=349 (full 283):
 garbage-first heap   total 122880K, used 38509K [0x0000000701400000, 0x0000000800000000)
  region size 2048K, 1 young (2048K), 0 survivors (0K)
 Metaspace       used 52937K, committed 53312K, reserved 1097728K
  class space    used 7018K, committed 7168K, reserved 1048576K
}
Event: 4214.927 GC heap after
{Heap after GC invocations=350 (full 284):
 garbage-first heap   total 122880K, used 38509K [0x0000000701400000, 0x0000000800000000)
  region size 2048K, 0 young (0K), 0 survivors (0K)
 Metaspace       used 52937K, committed 53312K, reserved 1097728K
  class space    used 7018K, committed 7168K, reserved 1048576K
}
Event: 4225.135 GC heap before
{Heap before GC invocations=350 (full 284):
 garbage-first heap   total 122880K, used 38509K [0x0000000701400000, 0x0000000800000000)
  region size 2048K, 1 young (2048K), 0 survivors (0K)
 Metaspace       used 52937K, committed 53312K, reserved 1097728K
  class space    used 7018K, committed 7168K, reserved 1048576K
}
Event: 4225.245 GC heap after
{Heap after GC invocations=351 (full 285):
 garbage-first heap   total 122880K, used 38509K [0x0000000701400000, 0x0000000800000000)
  region size 2048K, 0 young (0K), 0 survivors (0K)
 Metaspace       used 52937K, committed 53312K, reserved 1097728K
  class space    used 7018K, committed 7168K, reserved 1048576K
}
Event: 4235.435 GC heap before
{Heap before GC invocations=351 (full 285):
 garbage-first heap   total 122880K, used 38509K [0x0000000701400000, 0x0000000800000000)
  region size 2048K, 1 young (2048K), 0 survivors (0K)
 Metaspace       used 52937K, committed 53312K, reserved 1097728K
  class space    used 7018K, committed 7168K, reserved 1048576K
}
Event: 4235.553 GC heap after
{Heap after GC invocations=352 (full 286):
 garbage-first heap   total 122880K, used 38509K [0x0000000701400000, 0x0000000800000000)
  region size 2048K, 0 young (0K), 0 survivors (0K)
 Metaspace       used 52937K, committed 53312K, reserved 1097728K
  class space    used 7018K, committed 7168K, reserved 1048576K
}
Event: 4245.790 GC heap before
{Heap before GC invocations=352 (full 286):
 garbage-first heap   total 122880K, used 38509K [0x0000000701400000, 0x0000000800000000)
  region size 2048K, 1 young (2048K), 0 survivors (0K)
 Metaspace       used 52937K, committed 53312K, reserved 1097728K
  class space    used 7018K, committed 7168K, reserved 1048576K
}

Deoptimization events (20 events):
Event: 2371.485 Thread 0x000001e53961d1e0 DEOPT PACKING pc=0x000001e528377ad7 sp=0x000000478d0fcf60
Event: 2371.485 Thread 0x000001e53961d1e0 DEOPT UNPACKING pc=0x000001e527282b43 sp=0x000000478d0fc998 mode 3
Event: 2377.788 Thread 0x000001e53961a1c0 DEOPT PACKING pc=0x000001e5284f619f sp=0x000000478aefd580
Event: 2377.788 Thread 0x000001e53961a1c0 DEOPT UNPACKING pc=0x000001e527282b43 sp=0x000000478aefca88 mode 3
Event: 2382.727 Thread 0x000001e53961a1c0 DEOPT PACKING pc=0x000001e528189ac0 sp=0x000000478aefe370
Event: 2382.727 Thread 0x000001e53961a1c0 DEOPT UNPACKING pc=0x000001e527282b43 sp=0x000000478aefd7e0 mode 3
Event: 2436.177 Thread 0x000001e53961d1e0 DEOPT PACKING pc=0x000001e527c8c4f0 sp=0x000000478d0fdf80
Event: 2436.177 Thread 0x000001e53961d1e0 DEOPT UNPACKING pc=0x000001e527282b43 sp=0x000000478d0fd5d8 mode 3
Event: 2641.573 Thread 0x000001e53961a1c0 DEOPT PACKING pc=0x000001e528478c00 sp=0x000000478d0fe060
Event: 2641.573 Thread 0x000001e53961a1c0 DEOPT UNPACKING pc=0x000001e527282b43 sp=0x000000478d0fd550 mode 3
Event: 2651.456 Thread 0x000001e53961a1c0 DEOPT PACKING pc=0x000001e52847304e sp=0x000000478d0fc7a0
Event: 2651.456 Thread 0x000001e53961a1c0 DEOPT UNPACKING pc=0x000001e527282b43 sp=0x000000478d0fbc78 mode 3
Event: 2681.518 Thread 0x000001e539620200 DEOPT PACKING pc=0x000001e5285b956f sp=0x000000478befdf00
Event: 2681.518 Thread 0x000001e539620200 DEOPT UNPACKING pc=0x000001e527282b43 sp=0x000000478befd450 mode 3
Event: 2769.789 Thread 0x000001e53961a1c0 DEOPT PACKING pc=0x000001e528462304 sp=0x000000478d0fd500
Event: 2769.789 Thread 0x000001e53961a1c0 DEOPT UNPACKING pc=0x000001e527282b43 sp=0x000000478d0fca38 mode 0
Event: 2802.377 Thread 0x000001e53961a1c0 DEOPT PACKING pc=0x000001e528708ef5 sp=0x000000478d0fc680
Event: 2802.377 Thread 0x000001e53961a1c0 DEOPT UNPACKING pc=0x000001e527282b43 sp=0x000000478d0fbbb0 mode 3
Event: 2819.696 Thread 0x000001e539620200 DEOPT PACKING pc=0x000001e5286faddb sp=0x000000478befe290
Event: 2819.696 Thread 0x000001e539620200 DEOPT UNPACKING pc=0x000001e527282b43 sp=0x000000478befd760 mode 3

Classes unloaded (20 events):
Event: 2518.230 Thread 0x000001e536d7e4f0 Unloading class 0x00000008004d8400 'java/lang/invoke/LambdaForm$MH+0x00000008004d8400'
Event: 2518.230 Thread 0x000001e536d7e4f0 Unloading class 0x00000008004d9400 'java/lang/invoke/LambdaForm$MH+0x00000008004d9400'
Event: 2518.230 Thread 0x000001e536d7e4f0 Unloading class 0x000000080034e800 'java/lang/invoke/LambdaForm$MH+0x000000080034e800'
Event: 2518.230 Thread 0x000001e536d7e4f0 Unloading class 0x0000000800340400 'java/lang/invoke/LambdaForm$MH+0x0000000800340400'
Event: 2518.230 Thread 0x000001e536d7e4f0 Unloading class 0x00000008001a1800 'java/lang/invoke/LambdaForm$MH+0x00000008001a1800'
Event: 2518.230 Thread 0x000001e536d7e4f0 Unloading class 0x00000008001a0000 'java/lang/invoke/LambdaForm$MH+0x00000008001a0000'
Event: 2538.643 Thread 0x000001e536d7e4f0 Unloading class 0x00000008006f2000 'jdk/internal/reflect/GeneratedMethodAccessor46'
Event: 2538.643 Thread 0x000001e536d7e4f0 Unloading class 0x00000008006f1c00 'jdk/internal/reflect/GeneratedConstructorAccessor46'
Event: 2538.643 Thread 0x000001e536d7e4f0 Unloading class 0x00000008006f1800 'jdk/internal/reflect/GeneratedMethodAccessor45'
Event: 2538.643 Thread 0x000001e536d7e4f0 Unloading class 0x00000008006f1400 'jdk/internal/reflect/GeneratedConstructorAccessor45'
Event: 2538.643 Thread 0x000001e536d7e4f0 Unloading class 0x00000008006f1000 'jdk/internal/reflect/GeneratedMethodAccessor44'
Event: 2538.643 Thread 0x000001e536d7e4f0 Unloading class 0x00000008006f0c00 'jdk/internal/reflect/GeneratedMethodAccessor43'
Event: 2538.643 Thread 0x000001e536d7e4f0 Unloading class 0x00000008006f0800 'jdk/internal/reflect/GeneratedMethodAccessor42'
Event: 2912.617 Thread 0x000001e536d7e4f0 Unloading class 0x00000008006f3000 'jdk/internal/reflect/GeneratedMethodAccessor53'
Event: 2912.617 Thread 0x000001e536d7e4f0 Unloading class 0x00000008006f2c00 'jdk/internal/reflect/GeneratedConstructorAccessor51'
Event: 2912.618 Thread 0x000001e536d7e4f0 Unloading class 0x00000008006f2800 'jdk/internal/reflect/GeneratedMethodAccessor52'
Event: 2912.618 Thread 0x000001e536d7e4f0 Unloading class 0x00000008001a0000 'jdk/internal/reflect/GeneratedConstructorAccessor50'
Event: 2912.618 Thread 0x000001e536d7e4f0 Unloading class 0x00000008001a1800 'jdk/internal/reflect/GeneratedMethodAccessor51'
Event: 2912.618 Thread 0x000001e536d7e4f0 Unloading class 0x0000000800340400 'jdk/internal/reflect/GeneratedMethodAccessor50'
Event: 2912.618 Thread 0x000001e536d7e4f0 Unloading class 0x000000080034e800 'jdk/internal/reflect/GeneratedMethodAccessor49'

Classes redefined (0 events):
No events

Internal exceptions (20 events):
Event: 13.769 Thread 0x000001e539620ba0 Exception <a 'sun/nio/fs/WindowsException'{0x0000000724396dc0}> (0x0000000724396dc0) 
thrown [s\src\hotspot\share\prims\jni.cpp, line 516]
Event: 46.845 Thread 0x000001e539619cf0 Exception <a 'java/lang/NoSuchMethodError'{0x0000000719949c88}: 'void java.lang.invoke.DirectMethodHandle$Holder.invokeStatic(java.lang.Object, long)'> (0x0000000719949c88) 
thrown [s\src\hotspot\share\interpreter\linkResolver.cpp, line 759]
Event: 46.846 Thread 0x000001e539619cf0 Exception <a 'java/lang/NoSuchMethodError'{0x000000071994f030}: 'java.lang.Object java.lang.invoke.DirectMethodHandle$Holder.newInvokeSpecial(java.lang.Object, long)'> (0x000000071994f030) 
thrown [s\src\hotspot\share\interpreter\linkResolver.cpp, line 759]
Event: 46.849 Thread 0x000001e539619cf0 Exception <a 'java/lang/NoSuchMethodError'{0x0000000719955a98}: 'java.lang.Object java.lang.invoke.DirectMethodHandle$Holder.invokeStatic(java.lang.Object, java.lang.Object, long, java.lang.Object)'> (0x0000000719955a98) 
thrown [s\src\hotspot\share\interpreter\linkResolver.cpp, line 759]
Event: 46.849 Thread 0x000001e539619cf0 Exception <a 'java/lang/NoSuchMethodError'{0x0000000719959270}: 'java.lang.Object java.lang.invoke.DirectMethodHandle$Holder.invokeStaticInit(java.lang.Object, java.lang.Object, long, java.lang.Object)'> (0x0000000719959270) 
thrown [s\src\hotspot\share\interpreter\linkResolver.cpp, line 759]
Event: 46.850 Thread 0x000001e539619cf0 Exception <a 'java/lang/NoSuchMethodError'{0x000000071995f5a0}: 'java.lang.Object java.lang.invoke.DirectMethodHandle$Holder.newInvokeSpecial(java.lang.Object, java.lang.Object, long)'> (0x000000071995f5a0) 
thrown [s\src\hotspot\share\interpreter\linkResolver.cpp, line 759]
Event: 82.816 Thread 0x000001e53961cd10 Exception <a 'java/lang/NoSuchMethodError'{0x00000007098bb920}: 'java.lang.Object java.lang.invoke.DirectMethodHandle$Holder.newInvokeSpecial(java.lang.Object, java.lang.Object, java.lang.Object, java.lang.Object, java.lang.Object, java.lang.Object, java.lang.Object)'> (0x00000007098bb920) 
thrown [s\src\hotspot\share\interpreter\linkResolver.cpp, line 759]
Event: 82.817 Thread 0x000001e53961cd10 Exception <a 'java/lang/NoSuchMethodError'{0x00000007098c0230}: 'java.lang.Object java.lang.invoke.Invokers$Holder.linkToTargetMethod(java.lang.Object, java.lang.Object, java.lang.Object, java.lang.Object, java.lang.Object, java.lang.Object, java.lang.Object)'> (0x00000007098c0230) 
thrown [s\src\hotspot\share\interpreter\linkResolver.cpp, line 759]
Event: 2118.460 Thread 0x000001e53961bea0 Implicit null exception at 0x000001e527e93862 to 0x000001e527e93ae5
Event: 2141.677 Thread 0x000001e53961a1c0 Exception <a 'java/lang/NoSuchMethodError'{0x0000000707bf5f38}: 'java.lang.Object java.lang.invoke.DirectMethodHandle$Holder.invokeSpecial(java.lang.Object, java.lang.Object, int, java.lang.Object, java.lang.Object)'> (0x0000000707bf5f38) 
thrown [s\src\hotspot\share\interpreter\linkResolver.cpp, line 759]
Event: 2141.745 Thread 0x000001e53961a1c0 Exception <a 'java/lang/NoSuchMethodError'{0x00000007072b38f0}: 'int java.lang.invoke.DirectMethodHandle$Holder.invokeVirtual(java.lang.Object, java.lang.Object)'> (0x00000007072b38f0) 
thrown [s\src\hotspot\share\interpreter\linkResolver.cpp, line 759]
Event: 2341.178 Thread 0x000001e53961a1c0 Implicit null exception at 0x000001e5280e9548 to 0x000001e5280e9e80
Event: 2377.788 Thread 0x000001e53961a1c0 Implicit null exception at 0x000001e5284f5f03 to 0x000001e5284f619a
Event: 2382.727 Thread 0x000001e53961a1c0 Implicit null exception at 0x000001e52818991d to 0x000001e528189abb
Event: 2436.177 Thread 0x000001e53961d1e0 Implicit null exception at 0x000001e527c8b2bf to 0x000001e527c8c4eb
Event: 2641.573 Thread 0x000001e53961a1c0 Implicit null exception at 0x000001e528478862 to 0x000001e528478bfb
Event: 2651.456 Thread 0x000001e53961a1c0 Implicit null exception at 0x000001e528472cd5 to 0x000001e528473049
Event: 2681.518 Thread 0x000001e539620200 Implicit null exception at 0x000001e5285b8e10 to 0x000001e5285b956a
Event: 2802.377 Thread 0x000001e53961a1c0 Implicit null exception at 0x000001e528708aed to 0x000001e528708ef0
Event: 2819.696 Thread 0x000001e539620200 Implicit null exception at 0x000001e5286f99a5 to 0x000001e5286fadd6

VM Operations (20 events):
Event: 4143.280 Executing VM operation: G1CollectFull done
Event: 4153.429 Executing VM operation: G1CollectFull
Event: 4153.479 Executing VM operation: G1CollectFull done
Event: 4163.650 Executing VM operation: G1CollectFull
Event: 4163.697 Executing VM operation: G1CollectFull done
Event: 4173.837 Executing VM operation: G1CollectFull
Event: 4173.886 Executing VM operation: G1CollectFull done
Event: 4184.030 Executing VM operation: G1CollectFull
Event: 4184.084 Executing VM operation: G1CollectFull done
Event: 4194.237 Executing VM operation: G1CollectFull
Event: 4194.283 Executing VM operation: G1CollectFull done
Event: 4204.590 Executing VM operation: G1CollectFull
Event: 4204.656 Executing VM operation: G1CollectFull done
Event: 4214.837 Executing VM operation: G1CollectFull
Event: 4214.928 Executing VM operation: G1CollectFull done
Event: 4225.135 Executing VM operation: G1CollectFull
Event: 4225.245 Executing VM operation: G1CollectFull done
Event: 4235.435 Executing VM operation: G1CollectFull
Event: 4235.553 Executing VM operation: G1CollectFull done
Event: 4245.790 Executing VM operation: G1CollectFull

Events (20 events):
Event: 2657.347 Thread 0x000001e537963830 Thread added: 0x000001e537963830
Event: 2663.557 Thread 0x000001e537963830 Thread exited: 0x000001e537963830
Event: 2663.615 Thread 0x000001e538166910 Thread exited: 0x000001e538166910
Event: 2668.627 Thread 0x000001e5394c07d0 Thread exited: 0x000001e5394c07d0
Event: 2863.898 Thread 0x000001e53961a1c0 Thread exited: 0x000001e53961a1c0
Event: 2880.646 Thread 0x000001e539620200 Thread exited: 0x000001e539620200
Event: 2881.791 Thread 0x000001e53961f860 Thread exited: 0x000001e53961f860
Event: 2916.685 Thread 0x000001e53961e050 Thread added: 0x000001e53961e050
Event: 2940.656 Thread 0x000001e5396206d0 Thread exited: 0x000001e5396206d0
Event: 2980.571 Thread 0x000001e53961f860 Thread added: 0x000001e53961f860
Event: 2980.757 Thread 0x000001e53961a1c0 Thread added: 0x000001e53961a1c0
Event: 3059.367 Thread 0x000001e53961f860 Thread exited: 0x000001e53961f860
Event: 3059.383 Thread 0x000001e53961a1c0 Thread exited: 0x000001e53961a1c0
Event: 3064.179 Thread 0x000001e53961f860 Thread added: 0x000001e53961f860
Event: 3064.393 Thread 0x000001e539620200 Thread added: 0x000001e539620200
Event: 3130.935 Thread 0x000001e5396206d0 Thread added: 0x000001e5396206d0
Event: 3191.057 Thread 0x000001e539620200 Thread exited: 0x000001e539620200
Event: 3191.057 Thread 0x000001e53961f860 Thread exited: 0x000001e53961f860
Event: 3195.419 Thread 0x000001e53961e050 Thread exited: 0x000001e53961e050
Event: 3251.070 Thread 0x000001e5396206d0 Thread exited: 0x000001e5396206d0


Dynamic libraries:
0x00007ff6e8140000 - 0x00007ff6e814e000 	c:\Users\USER\.vscode\extensions\redhat.java-1.10.0-win32-x64\jre\17.0.4-win32-x86_64\bin\java.exe
0x00007ffd7cef0000 - 0x00007ffd7d104000 	C:\WINDOWS\SYSTEM32\ntdll.dll
0x00007ffd7bfc0000 - 0x00007ffd7c082000 	C:\WINDOWS\System32\KERNEL32.DLL
0x00007ffd7a460000 - 0x00007ffd7a7fc000 	C:\WINDOWS\System32\KERNELBASE.dll
0x00007ffd7aac0000 - 0x00007ffd7abd1000 	C:\WINDOWS\System32\ucrtbase.dll
0x00007ffd461e0000 - 0x00007ffd461f8000 	c:\Users\USER\.vscode\extensions\redhat.java-1.10.0-win32-x64\jre\17.0.4-win32-x86_64\bin\jli.dll
0x00007ffd7b870000 - 0x00007ffd7ba1b000 	C:\WINDOWS\System32\USER32.dll
0x00007ffd7a920000 - 0x00007ffd7a946000 	C:\WINDOWS\System32\win32u.dll
0x00007ffd7aeb0000 - 0x00007ffd7aed9000 	C:\WINDOWS\System32\GDI32.dll
0x00007ffd7abe0000 - 0x00007ffd7acf2000 	C:\WINDOWS\System32\gdi32full.dll
0x00007ffd7a880000 - 0x00007ffd7a91a000 	C:\WINDOWS\System32\msvcp_win.dll
0x00007ffd45d40000 - 0x00007ffd45d59000 	c:\Users\USER\.vscode\extensions\redhat.java-1.10.0-win32-x64\jre\17.0.4-win32-x86_64\bin\VCRUNTIME140.dll
0x00007ffd79520000 - 0x00007ffd797ae000 	C:\WINDOWS\WinSxS\amd64_microsoft.windows.common-controls_6595b64144ccf1df_6.0.22621.436_none_a94247dbc10d8414\COMCTL32.dll
0x00007ffd7c520000 - 0x00007ffd7c5c7000 	C:\WINDOWS\System32\msvcrt.dll
0x00007ffd7ba20000 - 0x00007ffd7ba51000 	C:\WINDOWS\System32\IMM32.DLL
0x00007ffd37c20000 - 0x00007ffd37c63000 	C:\Program Files (x86)\K7 Computing\K7TSecurity\K7CrvrEx64.dll
0x00007ffd7ad20000 - 0x00007ffd7adce000 	C:\WINDOWS\System32\ADVAPI32.dll
0x00007ffd7c350000 - 0x00007ffd7c3f4000 	C:\WINDOWS\System32\sechost.dll
0x00007ffd7bb40000 - 0x00007ffd7bc55000 	C:\WINDOWS\System32\RPCRT4.dll
0x00007ffd462c0000 - 0x00007ffd462cc000 	c:\Users\USER\.vscode\extensions\redhat.java-1.10.0-win32-x64\jre\17.0.4-win32-x86_64\bin\vcruntime140_1.dll
0x00007ffcec8e0000 - 0x00007ffcec971000 	c:\Users\USER\.vscode\extensions\redhat.java-1.10.0-win32-x64\jre\17.0.4-win32-x86_64\bin\msvcp140.dll
0x00007ffcdbb90000 - 0x00007ffcdc7d6000 	c:\Users\USER\.vscode\extensions\redhat.java-1.10.0-win32-x64\jre\17.0.4-win32-x86_64\bin\server\jvm.dll
0x00007ffd7c1a0000 - 0x00007ffd7c1a8000 	C:\WINDOWS\System32\PSAPI.DLL
0x00007ffd608e0000 - 0x00007ffd608e9000 	C:\WINDOWS\SYSTEM32\WSOCK32.dll
0x00007ffd7aee0000 - 0x00007ffd7af51000 	C:\WINDOWS\System32\WS2_32.dll
0x00007ffd71980000 - 0x00007ffd719b4000 	C:\WINDOWS\SYSTEM32\WINMM.dll
0x00007ffd72b90000 - 0x00007ffd72b9a000 	C:\WINDOWS\SYSTEM32\VERSION.dll
0x00007ffd78c10000 - 0x00007ffd78c28000 	C:\WINDOWS\SYSTEM32\kernel.appcore.dll
0x00007ffd45d00000 - 0x00007ffd45d0a000 	c:\Users\USER\.vscode\extensions\redhat.java-1.10.0-win32-x64\jre\17.0.4-win32-x86_64\bin\jimage.dll
0x00007ffd79cb0000 - 0x00007ffd79ede000 	C:\WINDOWS\SYSTEM32\DBGHELP.DLL
0x00007ffd7b4e0000 - 0x00007ffd7b869000 	C:\WINDOWS\System32\combase.dll
0x00007ffd7add0000 - 0x00007ffd7aea7000 	C:\WINDOWS\System32\OLEAUT32.dll
0x00007ffd79b00000 - 0x00007ffd79b32000 	C:\WINDOWS\SYSTEM32\dbgcore.DLL
0x00007ffd7a800000 - 0x00007ffd7a87b000 	C:\WINDOWS\System32\bcryptPrimitives.dll
0x00007ffd3dd00000 - 0x00007ffd3dd25000 	c:\Users\USER\.vscode\extensions\redhat.java-1.10.0-win32-x64\jre\17.0.4-win32-x86_64\bin\java.dll
0x00007ffd456f0000 - 0x00007ffd45708000 	c:\Users\USER\.vscode\extensions\redhat.java-1.10.0-win32-x64\jre\17.0.4-win32-x86_64\bin\zip.dll
0x00007ffd7c6d0000 - 0x00007ffd7cead000 	C:\WINDOWS\System32\SHELL32.dll
0x00007ffd779e0000 - 0x00007ffd78296000 	C:\WINDOWS\SYSTEM32\windows.storage.dll
0x00007ffd77870000 - 0x00007ffd779ad000 	C:\WINDOWS\SYSTEM32\wintypes.dll
0x00007ffd7af60000 - 0x00007ffd7b051000 	C:\WINDOWS\System32\SHCORE.dll
0x00007ffd7bcb0000 - 0x00007ffd7bd0e000 	C:\WINDOWS\System32\shlwapi.dll
0x00007ffd7a260000 - 0x00007ffd7a281000 	C:\WINDOWS\SYSTEM32\profapi.dll
0x00007ffd45230000 - 0x00007ffd45249000 	C:\Users\USER\.vscode\extensions\redhat.java-1.10.0-win32-x64\jre\17.0.4-win32-x86_64\bin\net.dll
0x00007ffd70ca0000 - 0x00007ffd70dcf000 	C:\WINDOWS\SYSTEM32\WINHTTP.dll
0x00007ffd79190000 - 0x00007ffd791f9000 	C:\WINDOWS\system32\mswsock.dll
0x00007ffd44ca0000 - 0x00007ffd44cb5000 	C:\Users\USER\.vscode\extensions\redhat.java-1.10.0-win32-x64\jre\17.0.4-win32-x86_64\bin\nio.dll
0x00007ffd45790000 - 0x00007ffd457a0000 	c:\Users\USER\.vscode\extensions\redhat.java-1.10.0-win32-x64\jre\17.0.4-win32-x86_64\bin\verify.dll
0x00007ffd37d40000 - 0x00007ffd37d49000 	C:\Users\USER\.vscode\extensions\redhat.java-1.10.0-win32-x64\jre\17.0.4-win32-x86_64\bin\management.dll
0x00007ffd37b60000 - 0x00007ffd37b6b000 	C:\Users\USER\.vscode\extensions\redhat.java-1.10.0-win32-x64\jre\17.0.4-win32-x86_64\bin\management_ext.dll
0x00007ffd61900000 - 0x00007ffd61917000 	C:\WINDOWS\system32\napinsp.dll
0x00007ffd618a0000 - 0x00007ffd618bb000 	C:\WINDOWS\system32\pnrpnsp.dll
0x00007ffd78730000 - 0x00007ffd78822000 	C:\WINDOWS\SYSTEM32\DNSAPI.dll
0x00007ffd786c0000 - 0x00007ffd786ed000 	C:\WINDOWS\SYSTEM32\IPHLPAPI.DLL
0x00007ffd7bfa0000 - 0x00007ffd7bfa9000 	C:\WINDOWS\System32\NSI.dll
0x00007ffd61880000 - 0x00007ffd61891000 	C:\WINDOWS\System32\winrnr.dll
0x00007ffd71850000 - 0x00007ffd71865000 	C:\WINDOWS\system32\wshbth.dll
0x00007ffd61950000 - 0x00007ffd61971000 	C:\WINDOWS\system32\nlansp_c.dll
0x00007ffd6ea60000 - 0x00007ffd6ea6a000 	C:\Windows\System32\rasadhlp.dll
0x00007ffd6fc80000 - 0x00007ffd6fd03000 	C:\WINDOWS\System32\fwpuclnt.dll
0x00007ffd79fd0000 - 0x00007ffd79feb000 	C:\WINDOWS\SYSTEM32\CRYPTSP.dll
0x00007ffd78b60000 - 0x00007ffd78b95000 	C:\WINDOWS\system32\rsaenh.dll
0x00007ffd79280000 - 0x00007ffd792a8000 	C:\WINDOWS\SYSTEM32\USERENV.dll
0x00007ffd79c30000 - 0x00007ffd79c58000 	C:\WINDOWS\SYSTEM32\bcrypt.dll
0x00007ffd793d0000 - 0x00007ffd793dc000 	C:\WINDOWS\SYSTEM32\CRYPTBASE.dll
0x00007ffd70e30000 - 0x00007ffd70e49000 	C:\WINDOWS\SYSTEM32\dhcpcsvc6.DLL
0x00007ffd70b70000 - 0x00007ffd70b8f000 	C:\WINDOWS\SYSTEM32\dhcpcsvc.DLL

dbghelp: loaded successfully - version: 4.0.5 - missing functions: none
symbol engine: initialized successfully - sym options: 0x614 - pdb path: .;c:\Users\USER\.vscode\extensions\redhat.java-1.10.0-win32-x64\jre\17.0.4-win32-x86_64\bin;C:\WINDOWS\SYSTEM32;C:\WINDOWS\WinSxS\amd64_microsoft.windows.common-controls_6595b64144ccf1df_6.0.22621.436_none_a94247dbc10d8414;C:\Program Files (x86)\K7 Computing\K7TSecurity;c:\Users\USER\.vscode\extensions\redhat.java-1.10.0-win32-x64\jre\17.0.4-win32-x86_64\bin\server

VM Arguments:
jvm_args: -Dsts.lsp.client=vscode -Dsts.log.file=/dev/null -XX:TieredStopAtLevel=1 -Dspring.config.location=file:c:\Users\USER\.vscode\extensions\pivotal.vscode-spring-boot-1.38.0\language-server\BOOT-INF\classes\application.properties 
java_command: org.springframework.ide.vscode.boot.app.BootLanguageServerBootApp
java_class_path (initial): c:\Users\USER\.vscode\extensions\pivotal.vscode-spring-boot-1.38.0\language-server\BOOT-INF\classes;c:\Users\USER\.vscode\extensions\pivotal.vscode-spring-boot-1.38.0\language-server\BOOT-INF\lib\annotations-23.0.0.jar;c:\Users\USER\.vscode\extensions\pivotal.vscode-spring-boot-1.38.0\language-server\BOOT-INF\lib\antlr-runtime-3.5.2.jar;c:\Users\USER\.vscode\extensions\pivotal.vscode-spring-boot-1.38.0\language-server\BOOT-INF\lib\antlr4-4.9.3.jar;c:\Users\USER\.vscode\extensions\pivotal.vscode-spring-boot-1.38.0\language-server\BOOT-INF\lib\antlr4-runtime-4.9.3.jar;c:\Users\USER\.vscode\extensions\pivotal.vscode-spring-boot-1.38.0\language-server\BOOT-INF\lib\asm-9.3.jar;c:\Users\USER\.vscode\extensions\pivotal.vscode-spring-boot-1.38.0\language-server\BOOT-INF\lib\asm-analysis-9.3.jar;c:\Users\USER\.vscode\extensions\pivotal.vscode-spring-boot-1.38.0\language-server\BOOT-INF\lib\asm-tree-9.3.jar;c:\Users\USER\.vscode\extensions\pivotal.vscode-spring-boot-1.38.0\language-server\BOOT-INF\lib\asm-util-9.3.jar;c:\Users\USER\.vscode\extensions\pivotal.vscode-spring-boot-1.38.0\language-server\BOOT-INF\lib\byte-buddy-1.10.18.jar;c:\Users\USER\.vscode\extensions\pivotal.vscode-spring-boot-1.38.0\language-server\BOOT-INF\lib\caffeine-2.8.6.jar;c:\Users\USER\.vscode\extensions\pivotal.vscode-spring-boot-1.38.0\language-server\BOOT-INF\lib\checker-qual-3.12.0.jar;c:\Users\USER\.vscode\extensions\pivotal.vscode-spring-boot-1.38.0\language-server\BOOT-INF\lib\classgraph-4.8.149.jar;c:\Users\USER\.vscode\extensions\pivotal.vscode-spring-boot-1.38.0\language-server\BOOT-INF\lib\commons-codec-1.14.jar;c:\Users\USER\.vscode\extensions\pivotal.vscode-spring-boot-1.38.0\language-server\BOOT-INF\lib\commons-compress-1.21.jar;c:\Users\USER\.vscode\extensions\pivotal.vscode-spring-boot-1.38.0\language-server\BOOT-INF\lib\commons-exec-1.3.jar;c:\Users\USER\.vscode\extensions\pivotal.vscode-spring-boot-1.38.0\language-server\BOOT-INF\lib\commons-io-2.4.jar;c
Launcher Type: SUN_STANDARD

[Global flags]
     intx CICompilerCount                          = 4                                         {product} {ergonomic}
     uint ConcGCThreads                            = 2                                         {product} {ergonomic}
     uint G1ConcRefinementThreads                  = 8                                         {product} {ergonomic}
   size_t G1HeapRegionSize                         = 2097152                                   {product} {ergonomic}
    uintx GCDrainStackTargetSize                   = 64                                        {product} {ergonomic}
   size_t InitialHeapSize                          = 268435456                                 {product} {ergonomic}
   size_t MarkStackSize                            = 4194304                                   {product} {ergonomic}
   size_t MaxHeapSize                              = 4273995776                                {product} {ergonomic}
   size_t MaxNewSize                               = 2562719744                                {product} {ergonomic}
   size_t MinHeapDeltaBytes                        = 2097152                                   {product} {ergonomic}
   size_t MinHeapSize                              = 8388608                                   {product} {ergonomic}
    uintx NonProfiledCodeHeapSize                  = 0                                      {pd product} {ergonomic}
     bool ProfileInterpreter                       = false                                  {pd product} {command line}
    uintx ProfiledCodeHeapSize                     = 0                                      {pd product} {ergonomic}
   size_t SoftMaxHeapSize                          = 4273995776                             {manageable} {ergonomic}
     intx TieredStopAtLevel                        = 1                                         {product} {command line}
     bool UseCompressedClassPointers               = true                           {product lp64_product} {ergonomic}
     bool UseCompressedOops                        = true                           {product lp64_product} {ergonomic}
     bool UseG1GC                                  = true                                      {product} {ergonomic}
     bool UseLargePagesIndividualAllocation        = false                                  {pd product} {ergonomic}

Logging:
Log output configuration:
 #0: stdout all=warning uptime,level,tags
 #1: stderr all=off uptime,level,tags

Environment Variables:
JAVA_HOME=F:\java-15-openjdk-15.0.1.9-1.windows.redhat.x86_64
PATH=C:\Python310\Scripts\;C:\Python310\;C:\Python39\Scripts\;C:\Python39\;F:\database\app\oracle\product\11.2.0\server\bin;C:\WINDOWS\system32;C:\WINDOWS;C:\WINDOWS\System32\Wbem;C:\WINDOWS\System32\WindowsPowerShell\v1.0\;C:\WINDOWS\System32\OpenSSH\;F:\java-15-openjdk-15.0.1.9-1.windows.redhat.x86_64\bin;F:\java-11-openjdk-11.0.8.10-2.windows.redhat.x86_64\bin;C:\Program Files\dotnet\;C:\Program Files\Microsoft SQL Server\130\Tools\Binn\;F:\c\mingw64\bin;C:\Program Files (x86)\dotnet\;E:\Git\cmd;C:\ProgramData\chocolatey\bin;C:\Program Files\nodejs\;F:\apache-maven-3.8.4\bin;F:\server\apache-tomcat-10.0.13\bin;C:\Program Files\MySQL\MySQL Shell 8.0\bin\;C:\Users\USER\AppData\Local\Microsoft\WindowsApps;F:\Microsoft VS Code\bin;C:\Users\USER\.dotnet\tools;C:\Users\USER\AppData\Local\GitHubDesktop\bin;C:\Users\USER\AppData\Roaming\npm;;C:\Program Files\JetBrains\IntelliJ IDEA Community Edition 2022.2.1\bin;
USERNAME=USER
OS=Windows_NT
PROCESSOR_IDENTIFIER=Intel64 Family 6 Model 142 Stepping 10, GenuineIntel
TMP=C:\Users\USER\AppData\Local\Temp
TEMP=C:\Users\USER\AppData\Local\Temp



---------------  S Y S T E M  ---------------

OS:
 Windows 11 , 64 bit Build 22621 (10.0.22621.590)
OS uptime: 0 days 11:00 hours

CPU: total 8 (initial active 8) (4 cores per cpu, 2 threads per core) family 6 model 142 stepping 10 microcode 0xe0, cx8, cmov, fxsr, ht, mmx, 3dnowpref, sse, sse2, sse3, ssse3, sse4.1, sse4.2, popcnt, lzcnt, tsc, tscinvbit, avx, avx2, aes, erms, clmul, bmi1, bmi2, adx, fma, vzeroupper, clflush, clflushopt

Memory: 4k page, system-wide physical 16298M (5982M free)
TotalPageFile size 23466M (AvailPageFile size 8401M)
current process WorkingSet (physical memory assigned to process): 266M, peak: 1031M
current process commit charge ("private bytes"): 299M, peak: 1056M

vm_info: OpenJDK 64-Bit Server VM (17.0.4+8) for windows-amd64 JRE (17.0.4+8), built on Jul 19 2022 16:05:16 by "temurin" with MS VC++ 16.7 (VS2019)

END.
